[16:33:45] [Client thread/INFO]: Setting user: Player836
[16:33:49] [Client thread/INFO]: LWJGL Version: 2.9.1
[16:33:57] [Client thread/INFO]: Reloading ResourceManager: Default, FMLFileResourcePack:Forge Mod Loader, FMLFileResourcePack:Minecraft Forge, FMLFileResourcePack:Lumiere
[16:33:58] [Sound Library Loader/INFO]: Starting up SoundSystem...
[16:33:58] [Thread-9/INFO]: Initializing LWJGL OpenAL
[16:33:58] [Thread-9/INFO]: (The LWJGL binding of OpenAL.  For more information, see http://www.lwjgl.org)
[16:33:58] [Thread-9/INFO]: OpenAL initialized.
[16:33:58] [Sound Library Loader/INFO]: Sound engine started
[16:34:01] [Client thread/INFO]: Created: 512x512 textures-atlas
[16:34:02] [Client thread/INFO]: Reloading ResourceManager: Default, FMLFileResourcePack:Forge Mod Loader, FMLFileResourcePack:Minecraft Forge, FMLFileResourcePack:Lumiere
[16:34:03] [Client thread/INFO]: SoundSystem shutting down...
[16:34:03] [Client thread/WARN]: Author: Paul Lamb, www.paulscode.com
[16:34:03] [Sound Library Loader/INFO]: Starting up SoundSystem...
[16:34:03] [Thread-11/INFO]: Initializing LWJGL OpenAL
[16:34:03] [Thread-11/INFO]: (The LWJGL binding of OpenAL.  For more information, see http://www.lwjgl.org)
[16:34:03] [Thread-11/INFO]: OpenAL initialized.
[16:34:03] [Sound Library Loader/INFO]: Sound engine started
[16:34:05] [Client thread/INFO]: Created: 512x512 textures-atlas
[16:34:27] [Client thread/INFO]: Stopping!
[16:34:27] [Client thread/INFO]: SoundSystem shutting down...
[16:34:27] [Client thread/WARN]: Author: Paul Lamb, www.paulscode.com
