[00:06:42] [Client thread/INFO]: Setting user: Player337
[00:06:45] [Client thread/INFO]: LWJGL Version: 2.9.1
[00:06:52] [Client thread/INFO]: Reloading ResourceManager: Default, FMLFileResourcePack:Forge Mod Loader, FMLFileResourcePack:Minecraft Forge, FMLFileResourcePack:Lumiere
[00:06:52] [Sound Library Loader/INFO]: Starting up SoundSystem...
[00:06:52] [Thread-9/INFO]: Initializing LWJGL OpenAL
[00:06:52] [Thread-9/INFO]: (The LWJGL binding of OpenAL.  For more information, see http://www.lwjgl.org)
[00:06:53] [Thread-9/INFO]: OpenAL initialized.
[00:06:53] [Sound Library Loader/INFO]: Sound engine started
[00:06:56] [Client thread/INFO]: Created: 512x512 textures-atlas
[00:06:58] [Client thread/INFO]: Reloading ResourceManager: Default, FMLFileResourcePack:Forge Mod Loader, FMLFileResourcePack:Minecraft Forge, FMLFileResourcePack:Lumiere
[00:06:58] [Client thread/INFO]: SoundSystem shutting down...
[00:06:58] [Client thread/WARN]: Author: Paul Lamb, www.paulscode.com
[00:06:58] [Sound Library Loader/INFO]: Starting up SoundSystem...
[00:06:59] [Thread-11/INFO]: Initializing LWJGL OpenAL
[00:06:59] [Thread-11/INFO]: (The LWJGL binding of OpenAL.  For more information, see http://www.lwjgl.org)
[00:06:59] [Thread-11/INFO]: OpenAL initialized.
[00:06:59] [Sound Library Loader/INFO]: Sound engine started
[00:07:02] [Client thread/INFO]: Created: 512x512 textures-atlas
[00:07:21] [Server thread/INFO]: Starting integrated minecraft server version 1.8
[00:07:21] [Server thread/INFO]: Generating keypair
[00:07:22] [Server thread/INFO]: Preparing start region for level 0
[00:07:23] [Server thread/INFO]: Preparing spawn area: 72%
[00:07:23] [Server thread/INFO]: Changing view distance to 12, from 10
[00:07:24] [Server thread/INFO]: Player337[local:E:42da6fc9] logged in with entity id 170 at (2997.9297497098864, 71.0, 131.53775746604907)
[00:07:24] [Server thread/INFO]: Player337 joined the game
[00:07:25] [pool-2-thread-1/WARN]: Couldn't look up profile properties for com.mojang.authlib.GameProfile@122d4458[id=e8e93d28-80c3-338d-b964-977ebd1f012f,name=Player337,properties={},legacy=false]
com.mojang.authlib.exceptions.AuthenticationException: The client has sent too many requests within a certain amount of time
	at com.mojang.authlib.yggdrasil.YggdrasilAuthenticationService.makeRequest(YggdrasilAuthenticationService.java:65) ~[YggdrasilAuthenticationService.class:?]
	at com.mojang.authlib.yggdrasil.YggdrasilMinecraftSessionService.fillGameProfile(YggdrasilMinecraftSessionService.java:158) [YggdrasilMinecraftSessionService.class:?]
	at com.mojang.authlib.yggdrasil.YggdrasilMinecraftSessionService$1.load(YggdrasilMinecraftSessionService.java:53) [YggdrasilMinecraftSessionService$1.class:?]
	at com.mojang.authlib.yggdrasil.YggdrasilMinecraftSessionService$1.load(YggdrasilMinecraftSessionService.java:50) [YggdrasilMinecraftSessionService$1.class:?]
	at com.google.common.cache.LocalCache$LoadingValueReference.loadFuture(LocalCache.java:3524) [guava-17.0.jar:?]
	at com.google.common.cache.LocalCache$Segment.loadSync(LocalCache.java:2317) [guava-17.0.jar:?]
	at com.google.common.cache.LocalCache$Segment.lockedGetOrLoad(LocalCache.java:2280) [guava-17.0.jar:?]
	at com.google.common.cache.LocalCache$Segment.get(LocalCache.java:2195) [guava-17.0.jar:?]
	at com.google.common.cache.LocalCache.get(LocalCache.java:3934) [guava-17.0.jar:?]
	at com.google.common.cache.LocalCache.getOrLoad(LocalCache.java:3938) [guava-17.0.jar:?]
	at com.google.common.cache.LocalCache$LocalLoadingCache.get(LocalCache.java:4821) [guava-17.0.jar:?]
	at com.google.common.cache.LocalCache$LocalLoadingCache.getUnchecked(LocalCache.java:4827) [guava-17.0.jar:?]
	at com.mojang.authlib.yggdrasil.YggdrasilMinecraftSessionService.fillProfileProperties(YggdrasilMinecraftSessionService.java:148) [YggdrasilMinecraftSessionService.class:?]
	at net.minecraft.client.resources.SkinManager$3.run(SkinManager.java:138) [SkinManager$3.class:?]
	at java.util.concurrent.Executors$RunnableAdapter.call(Executors.java:511) [?:1.8.0_45]
	at java.util.concurrent.FutureTask.run(FutureTask.java:266) [?:1.8.0_45]
	at java.util.concurrent.ThreadPoolExecutor.runWorker(ThreadPoolExecutor.java:1142) [?:1.8.0_45]
	at java.util.concurrent.ThreadPoolExecutor$Worker.run(ThreadPoolExecutor.java:617) [?:1.8.0_45]
	at java.lang.Thread.run(Thread.java:745) [?:1.8.0_45]
[00:07:29] [Server thread/INFO]: Saving and pausing game...
[00:07:29] [Server thread/INFO]: Saving chunks for level 'New World'/Overworld
[00:07:29] [Server thread/INFO]: Saving chunks for level 'New World'/Nether
[00:07:29] [Server thread/INFO]: Saving chunks for level 'New World'/The End
[00:07:30] [Client thread/INFO]: Stopping!
[00:07:30] [Client thread/INFO]: SoundSystem shutting down...
[00:07:30] [Server thread/INFO]: Stopping server
[00:07:30] [Server thread/INFO]: Saving players
[00:07:30] [Server thread/INFO]: Saving worlds
[00:07:30] [Server thread/INFO]: Saving chunks for level 'New World'/Overworld
[00:07:30] [Server thread/INFO]: Saving chunks for level 'New World'/Nether
[00:07:30] [Server thread/INFO]: Saving chunks for level 'New World'/The End
[00:07:30] [Client thread/WARN]: Author: Paul Lamb, www.paulscode.com
[00:07:30] [Client Shutdown Thread/INFO]: Stopping server
[00:07:30] [Client Shutdown Thread/INFO]: Saving players
[00:07:30] [Client Shutdown Thread/INFO]: Saving worlds
[00:07:30] [Client Shutdown Thread/INFO]: Saving chunks for level 'New World'/Overworld
